2023-09-10 14:39:38,752 [Worker-4: Loading available Gradle versions] INFO  o.e.b.c.i.u.g.PublishedGradleVersions - Gradle version information cache is out-of-date. Trying to update.
2023-09-10 14:45:51,240 [Worker-12: 入門コンテンツのインポート] INFO  o.e.m.c.i.l.LifecycleMappingFactory - Using org.eclipse.m2e.jdt.JarLifecycleMapping lifecycle mapping for MavenProject: com.example:janken:0.0.1-SNAPSHOT @ C:\pleiades\2023-03\spring_janken\janken\pom.xml.
2023-09-10 14:45:52,777 [Worker-12: 入門コンテンツのインポート] INFO  o.e.m.j.i.AbstractJavaProjectConfigurator - Adding source folder /janken/src/main/java
2023-09-10 14:45:52,778 [Worker-12: 入門コンテンツのインポート] INFO  o.e.m.j.i.AbstractJavaProjectConfigurator - Adding resource folder /janken/src/main/resources
2023-09-10 14:45:52,785 [Worker-12: 入門コンテンツのインポート] INFO  o.e.m.j.i.AbstractJavaProjectConfigurator - Adding resource folder /janken/src/main/resources
2023-09-10 14:45:52,793 [Worker-12: 入門コンテンツのインポート] INFO  o.e.m.j.i.AbstractJavaProjectConfigurator - Adding source folder /janken/src/test/java
2023-09-10 14:45:53,660 [Worker-12: 入門コンテンツのインポート] INFO  o.e.m.c.i.p.ProjectConfigurationManager - Imported and configured 1 project(s) in 3 sec
2023-09-10 14:45:53,665 [Worker-12: 入門コンテンツのインポート] INFO  o.e.m.c.i.p.ProjectConfigurationManager - Update started
2023-09-10 14:45:54,098 [Worker-12: 入門コンテンツのインポート] INFO  o.e.m.c.i.l.LifecycleMappingFactory - Using org.eclipse.m2e.jdt.JarLifecycleMapping lifecycle mapping for MavenProject: com.example:janken:0.0.1-SNAPSHOT @ C:\pleiades\2023-03\spring_janken\janken\pom.xml.
2023-09-10 14:45:55,023 [Worker-12: 入門コンテンツのインポート] INFO  o.e.m.j.i.AbstractJavaProjectConfigurator - Adding source folder /janken/src/main/java
2023-09-10 14:45:55,023 [Worker-12: 入門コンテンツのインポート] INFO  o.e.m.j.i.AbstractJavaProjectConfigurator - Adding resource folder /janken/src/main/resources
2023-09-10 14:45:55,024 [Worker-12: 入門コンテンツのインポート] INFO  o.e.m.j.i.AbstractJavaProjectConfigurator - Adding resource folder /janken/src/main/resources
2023-09-10 14:45:55,025 [Worker-12: 入門コンテンツのインポート] INFO  o.e.m.j.i.AbstractJavaProjectConfigurator - Adding source folder /janken/src/test/java
2023-09-10 14:45:55,921 [Worker-12: 入門コンテンツのインポート] INFO  o.e.m.c.i.p.ProjectConfigurationManager - Update completed for 1 poms: local refresh takes 0.00 sec, refresh facades takes 1.00 sec, update config takes 0.00 sec 
2023-09-10 14:45:57,115 [Worker-10: ビルド] INFO  o.a.m.s.f.DefaultMavenResourcesFiltering - Copying 1 resource from src\main\resources to target\classes
2023-09-10 14:45:57,141 [Worker-10: ビルド] INFO  o.a.m.s.f.DefaultMavenResourcesFiltering - Copying 0 resource from src\main\resources to target\classes
2023-09-10 14:45:57,147 [Worker-10: ビルド] INFO  o.a.m.s.f.DefaultMavenResourcesFiltering - skip non existing resourceDirectory C:\pleiades\2023-03\spring_janken\janken\src\test\resources
2023-09-10 14:47:27,479 [Worker-15: ビルド] INFO  o.a.m.s.f.DefaultMavenResourcesFiltering - Copying 0 resource from src\main\resources to target\classes
2023-09-10 14:47:27,480 [Worker-15: ビルド] INFO  o.a.m.s.f.DefaultMavenResourcesFiltering - Copying 1 resource from src\main\resources to target\classes
2023-09-10 14:47:27,487 [Worker-15: ビルド] INFO  o.a.m.s.f.DefaultMavenResourcesFiltering - skip non existing resourceDirectory C:\pleiades\2023-03\spring_janken\janken\src\test\resources
2023-09-10 14:48:36,989 [Worker-13: ビルド] INFO  o.a.m.s.f.DefaultMavenResourcesFiltering - Copying 0 resource from src\main\resources to target\classes
2023-09-10 14:48:36,990 [Worker-13: ビルド] INFO  o.a.m.s.f.DefaultMavenResourcesFiltering - Copying 1 resource from src\main\resources to target\classes
2023-09-10 14:48:36,998 [Worker-13: ビルド] INFO  o.a.m.s.f.DefaultMavenResourcesFiltering - skip non existing resourceDirectory C:\pleiades\2023-03\spring_janken\janken\src\test\resources
2023-09-10 14:52:02,373 [Worker-13: ビルド] INFO  o.a.m.s.f.DefaultMavenResourcesFiltering - Copying 1 resource from src\main\resources to target\classes
2023-09-10 14:52:02,373 [Worker-13: ビルド] INFO  o.a.m.s.f.DefaultMavenResourcesFiltering - Copying 1 resource from src\main\resources to target\classes
2023-09-10 14:52:02,388 [Worker-13: ビルド] INFO  o.a.m.s.f.DefaultMavenResourcesFiltering - skip non existing resourceDirectory C:\pleiades\2023-03\spring_janken\janken\src\test\resources
2023-09-10 15:01:46,034 [Worker-10: ビルド] INFO  o.a.m.s.f.DefaultMavenResourcesFiltering - Copying 1 resource from src\main\resources to target\classes
2023-09-10 15:01:46,043 [Worker-10: ビルド] INFO  o.a.m.s.f.DefaultMavenResourcesFiltering - Copying 0 resource from src\main\resources to target\classes
2023-09-10 15:01:46,047 [Worker-10: ビルド] INFO  o.a.m.s.f.DefaultMavenResourcesFiltering - skip non existing resourceDirectory C:\pleiades\2023-03\spring_janken\janken\src\test\resources
2023-09-10 15:02:09,786 [Worker-19: ビルド] INFO  o.a.m.s.f.DefaultMavenResourcesFiltering - Copying 1 resource from src\main\resources to target\classes
2023-09-10 15:02:09,796 [Worker-19: ビルド] INFO  o.a.m.s.f.DefaultMavenResourcesFiltering - Copying 1 resource from src\main\resources to target\classes
2023-09-10 15:02:09,802 [Worker-19: ビルド] INFO  o.a.m.s.f.DefaultMavenResourcesFiltering - skip non existing resourceDirectory C:\pleiades\2023-03\spring_janken\janken\src\test\resources
2023-09-10 15:04:46,143 [Worker-21: ビルド] INFO  o.a.m.s.f.DefaultMavenResourcesFiltering - Copying 0 resource from src\main\resources to target\classes
2023-09-10 15:04:46,143 [Worker-21: ビルド] INFO  o.a.m.s.f.DefaultMavenResourcesFiltering - Copying 1 resource from src\main\resources to target\classes
2023-09-10 15:04:46,150 [Worker-21: ビルド] INFO  o.a.m.s.f.DefaultMavenResourcesFiltering - skip non existing resourceDirectory C:\pleiades\2023-03\spring_janken\janken\src\test\resources
2023-09-10 15:14:17,323 [Worker-23: ビルド] INFO  o.a.m.s.f.DefaultMavenResourcesFiltering - Copying 0 resource from src\main\resources to target\classes
2023-09-10 15:14:17,323 [Worker-23: ビルド] INFO  o.a.m.s.f.DefaultMavenResourcesFiltering - Copying 1 resource from src\main\resources to target\classes
2023-09-10 15:14:17,333 [Worker-23: ビルド] INFO  o.a.m.s.f.DefaultMavenResourcesFiltering - skip non existing resourceDirectory C:\pleiades\2023-03\spring_janken\janken\src\test\resources
2023-09-10 15:19:57,554 [Worker-26: ビルド] INFO  o.a.m.s.f.DefaultMavenResourcesFiltering - Copying 0 resource from src\main\resources to target\classes
2023-09-10 15:19:57,555 [Worker-26: ビルド] INFO  o.a.m.s.f.DefaultMavenResourcesFiltering - Copying 1 resource from src\main\resources to target\classes
2023-09-10 15:19:57,562 [Worker-26: ビルド] INFO  o.a.m.s.f.DefaultMavenResourcesFiltering - skip non existing resourceDirectory C:\pleiades\2023-03\spring_janken\janken\src\test\resources
2023-09-10 15:22:10,741 [Worker-27: ビルド] INFO  o.a.m.s.f.DefaultMavenResourcesFiltering - Copying 1 resource from src\main\resources to target\classes
2023-09-10 15:22:10,752 [Worker-27: ビルド] INFO  o.a.m.s.f.DefaultMavenResourcesFiltering - Copying 2 resources from src\main\resources to target\classes
2023-09-10 15:22:10,757 [Worker-27: ビルド] INFO  o.a.m.s.f.DefaultMavenResourcesFiltering - skip non existing resourceDirectory C:\pleiades\2023-03\spring_janken\janken\src\test\resources
2023-09-10 15:27:18,645 [Worker-31: ビルド] INFO  o.a.m.s.f.DefaultMavenResourcesFiltering - Copying 1 resource from src\main\resources to target\classes
2023-09-10 15:27:18,656 [Worker-31: ビルド] INFO  o.a.m.s.f.DefaultMavenResourcesFiltering - Copying 2 resources from src\main\resources to target\classes
2023-09-10 15:27:18,664 [Worker-31: ビルド] INFO  o.a.m.s.f.DefaultMavenResourcesFiltering - skip non existing resourceDirectory C:\pleiades\2023-03\spring_janken\janken\src\test\resources
2023-09-10 15:32:30,774 [Worker-28: ビルド] INFO  o.a.m.s.f.DefaultMavenResourcesFiltering - Copying 1 resource from src\main\resources to target\classes
2023-09-10 15:32:30,783 [Worker-28: ビルド] INFO  o.a.m.s.f.DefaultMavenResourcesFiltering - Copying 2 resources from src\main\resources to target\classes
2023-09-10 15:32:30,791 [Worker-28: ビルド] INFO  o.a.m.s.f.DefaultMavenResourcesFiltering - skip non existing resourceDirectory C:\pleiades\2023-03\spring_janken\janken\src\test\resources
2023-09-10 15:34:10,354 [Worker-35: ビルド] INFO  o.a.m.s.f.DefaultMavenResourcesFiltering - Copying 1 resource from src\main\resources to target\classes
2023-09-10 15:34:10,369 [Worker-35: ビルド] INFO  o.a.m.s.f.DefaultMavenResourcesFiltering - Copying 2 resources from src\main\resources to target\classes
2023-09-10 15:34:10,379 [Worker-35: ビルド] INFO  o.a.m.s.f.DefaultMavenResourcesFiltering - skip non existing resourceDirectory C:\pleiades\2023-03\spring_janken\janken\src\test\resources
2023-09-10 15:41:06,886 [Worker-32: ビルド] INFO  o.a.m.s.f.DefaultMavenResourcesFiltering - Copying 0 resource from src\main\resources to target\classes
2023-09-10 15:41:06,887 [Worker-32: ビルド] INFO  o.a.m.s.f.DefaultMavenResourcesFiltering - Copying 1 resource from src\main\resources to target\classes
2023-09-10 15:41:06,901 [Worker-32: ビルド] INFO  o.a.m.s.f.DefaultMavenResourcesFiltering - skip non existing resourceDirectory C:\pleiades\2023-03\spring_janken\janken\src\test\resources
2023-09-10 15:54:10,974 [Worker-35: ビルド] INFO  o.a.m.s.f.DefaultMavenResourcesFiltering - Copying 1 resource from src\main\resources to target\classes
2023-09-10 15:54:10,988 [Worker-35: ビルド] INFO  o.a.m.s.f.DefaultMavenResourcesFiltering - Copying 2 resources from src\main\resources to target\classes
2023-09-10 15:54:10,999 [Worker-35: ビルド] INFO  o.a.m.s.f.DefaultMavenResourcesFiltering - skip non existing resourceDirectory C:\pleiades\2023-03\spring_janken\janken\src\test\resources
2023-09-10 16:25:39,769 [Worker-42: ビルド] INFO  o.a.m.s.f.DefaultMavenResourcesFiltering - Copying 0 resource from src\main\resources to target\classes
2023-09-10 16:25:39,769 [Worker-42: ビルド] INFO  o.a.m.s.f.DefaultMavenResourcesFiltering - Copying 1 resource from src\main\resources to target\classes
2023-09-10 16:25:39,779 [Worker-42: ビルド] INFO  o.a.m.s.f.DefaultMavenResourcesFiltering - skip non existing resourceDirectory C:\pleiades\2023-03\spring_janken\janken\src\test\resources
2023-09-10 16:40:01,578 [Worker-45: ビルド] INFO  o.a.m.s.f.DefaultMavenResourcesFiltering - Copying 1 resource from src\main\resources to target\classes
2023-09-10 16:40:01,708 [Worker-45: ビルド] INFO  o.a.m.s.f.DefaultMavenResourcesFiltering - Copying 2 resources from src\main\resources to target\classes
2023-09-10 16:40:01,722 [Worker-45: ビルド] INFO  o.a.m.s.f.DefaultMavenResourcesFiltering - skip non existing resourceDirectory C:\pleiades\2023-03\spring_janken\janken\src\test\resources
2023-09-10 16:40:59,975 [Worker-41: ビルド] INFO  o.a.m.s.f.DefaultMavenResourcesFiltering - Copying 1 resource from src\main\resources to target\classes
2023-09-10 16:40:59,987 [Worker-41: ビルド] INFO  o.a.m.s.f.DefaultMavenResourcesFiltering - Copying 2 resources from src\main\resources to target\classes
2023-09-10 16:40:59,994 [Worker-41: ビルド] INFO  o.a.m.s.f.DefaultMavenResourcesFiltering - skip non existing resourceDirectory C:\pleiades\2023-03\spring_janken\janken\src\test\resources
2023-09-10 16:41:01,281 [Worker-39: ビルド] INFO  o.a.m.s.f.DefaultMavenResourcesFiltering - Copying 1 resource from src\main\resources to target\classes
2023-09-10 16:41:01,400 [Worker-39: ビルド] INFO  o.a.m.s.f.DefaultMavenResourcesFiltering - Copying 2 resources from src\main\resources to target\classes
2023-09-10 16:41:01,412 [Worker-39: ビルド] INFO  o.a.m.s.f.DefaultMavenResourcesFiltering - skip non existing resourceDirectory C:\pleiades\2023-03\spring_janken\janken\src\test\resources
2023-09-10 16:43:48,439 [Worker-39: ビルド] INFO  o.a.m.s.f.DefaultMavenResourcesFiltering - Copying 1 resource from src\main\resources to target\classes
2023-09-10 16:43:48,558 [Worker-39: ビルド] INFO  o.a.m.s.f.DefaultMavenResourcesFiltering - Copying 2 resources from src\main\resources to target\classes
2023-09-10 16:43:48,567 [Worker-39: ビルド] INFO  o.a.m.s.f.DefaultMavenResourcesFiltering - skip non existing resourceDirectory C:\pleiades\2023-03\spring_janken\janken\src\test\resources
2023-09-10 16:44:38,635 [Worker-47: ビルド] INFO  o.a.m.s.f.DefaultMavenResourcesFiltering - Copying 1 resource from src\main\resources to target\classes
2023-09-10 16:44:38,643 [Worker-47: ビルド] INFO  o.a.m.s.f.DefaultMavenResourcesFiltering - Copying 2 resources from src\main\resources to target\classes
2023-09-10 16:44:38,648 [Worker-47: ビルド] INFO  o.a.m.s.f.DefaultMavenResourcesFiltering - skip non existing resourceDirectory C:\pleiades\2023-03\spring_janken\janken\src\test\resources
2023-09-10 16:44:41,227 [Worker-39: ビルド] INFO  o.a.m.s.f.DefaultMavenResourcesFiltering - Copying 1 resource from src\main\resources to target\classes
2023-09-10 16:44:41,237 [Worker-39: ビルド] INFO  o.a.m.s.f.DefaultMavenResourcesFiltering - Copying 2 resources from src\main\resources to target\classes
2023-09-10 16:44:41,243 [Worker-39: ビルド] INFO  o.a.m.s.f.DefaultMavenResourcesFiltering - skip non existing resourceDirectory C:\pleiades\2023-03\spring_janken\janken\src\test\resources
2023-09-10 16:44:57,887 [Worker-41: ビルド] INFO  o.a.m.s.f.DefaultMavenResourcesFiltering - Copying 1 resource from src\main\resources to target\classes
2023-09-10 16:44:57,896 [Worker-41: ビルド] INFO  o.a.m.s.f.DefaultMavenResourcesFiltering - Copying 2 resources from src\main\resources to target\classes
2023-09-10 16:44:57,903 [Worker-41: ビルド] INFO  o.a.m.s.f.DefaultMavenResourcesFiltering - skip non existing resourceDirectory C:\pleiades\2023-03\spring_janken\janken\src\test\resources
2023-09-10 16:45:27,267 [Worker-41: ビルド] INFO  o.a.m.s.f.DefaultMavenResourcesFiltering - Copying 1 resource from src\main\resources to target\classes
2023-09-10 16:45:27,276 [Worker-41: ビルド] INFO  o.a.m.s.f.DefaultMavenResourcesFiltering - Copying 2 resources from src\main\resources to target\classes
2023-09-10 16:45:27,282 [Worker-41: ビルド] INFO  o.a.m.s.f.DefaultMavenResourcesFiltering - skip non existing resourceDirectory C:\pleiades\2023-03\spring_janken\janken\src\test\resources
2023-09-10 16:56:59,902 [Worker-49: ビルド] INFO  o.a.m.s.f.DefaultMavenResourcesFiltering - Copying 1 resource from src\main\resources to target\classes
2023-09-10 16:56:59,913 [Worker-49: ビルド] INFO  o.a.m.s.f.DefaultMavenResourcesFiltering - Copying 2 resources from src\main\resources to target\classes
2023-09-10 16:56:59,920 [Worker-49: ビルド] INFO  o.a.m.s.f.DefaultMavenResourcesFiltering - skip non existing resourceDirectory C:\pleiades\2023-03\spring_janken\janken\src\test\resources
2023-09-10 17:06:30,410 [Worker-47: ビルド] INFO  o.a.m.s.f.DefaultMavenResourcesFiltering - Copying 1 resource from src\main\resources to target\classes
2023-09-10 17:06:30,420 [Worker-47: ビルド] INFO  o.a.m.s.f.DefaultMavenResourcesFiltering - Copying 2 resources from src\main\resources to target\classes
2023-09-10 17:06:30,425 [Worker-47: ビルド] INFO  o.a.m.s.f.DefaultMavenResourcesFiltering - skip non existing resourceDirectory C:\pleiades\2023-03\spring_janken\janken\src\test\resources
2023-09-10 17:21:26,775 [Worker-57: ビルド] INFO  o.a.m.s.f.DefaultMavenResourcesFiltering - Copying 1 resource from src\main\resources to target\classes
2023-09-10 17:21:26,785 [Worker-57: ビルド] INFO  o.a.m.s.f.DefaultMavenResourcesFiltering - Copying 2 resources from src\main\resources to target\classes
2023-09-10 17:21:26,791 [Worker-57: ビルド] INFO  o.a.m.s.f.DefaultMavenResourcesFiltering - skip non existing resourceDirectory C:\pleiades\2023-03\spring_janken\janken\src\test\resources
2023-09-10 17:21:34,051 [Worker-57: ビルド] INFO  o.a.m.s.f.DefaultMavenResourcesFiltering - Copying 1 resource from src\main\resources to target\classes
2023-09-10 17:21:34,060 [Worker-57: ビルド] INFO  o.a.m.s.f.DefaultMavenResourcesFiltering - Copying 2 resources from src\main\resources to target\classes
2023-09-10 17:21:34,066 [Worker-57: ビルド] INFO  o.a.m.s.f.DefaultMavenResourcesFiltering - skip non existing resourceDirectory C:\pleiades\2023-03\spring_janken\janken\src\test\resources
2023-09-10 21:54:55,929 [Worker-63: ビルド] INFO  o.a.m.s.f.DefaultMavenResourcesFiltering - Copying 0 resource from src\main\resources to target\classes
2023-09-10 21:54:55,935 [Worker-63: ビルド] INFO  o.a.m.s.f.DefaultMavenResourcesFiltering - Copying 1 resource from src\main\resources to target\classes
2023-09-10 21:54:55,952 [Worker-63: ビルド] INFO  o.a.m.s.f.DefaultMavenResourcesFiltering - skip non existing resourceDirectory C:\pleiades\2023-03\spring_janken\janken\src\test\resources
2023-09-10 21:56:23,631 [Worker-69: ビルド] INFO  o.a.m.s.f.DefaultMavenResourcesFiltering - Copying 1 resource from src\main\resources to target\classes
2023-09-10 21:56:23,645 [Worker-69: ビルド] INFO  o.a.m.s.f.DefaultMavenResourcesFiltering - Copying 2 resources from src\main\resources to target\classes
2023-09-10 21:56:23,651 [Worker-69: ビルド] INFO  o.a.m.s.f.DefaultMavenResourcesFiltering - skip non existing resourceDirectory C:\pleiades\2023-03\spring_janken\janken\src\test\resources
2023-09-10 21:56:26,429 [Worker-60: ビルド] INFO  o.a.m.s.f.DefaultMavenResourcesFiltering - Copying 1 resource from src\main\resources to target\classes
2023-09-10 21:56:26,439 [Worker-60: ビルド] INFO  o.a.m.s.f.DefaultMavenResourcesFiltering - Copying 2 resources from src\main\resources to target\classes
2023-09-10 21:56:26,446 [Worker-60: ビルド] INFO  o.a.m.s.f.DefaultMavenResourcesFiltering - skip non existing resourceDirectory C:\pleiades\2023-03\spring_janken\janken\src\test\resources
2023-09-10 21:56:45,126 [Worker-69: ビルド] INFO  o.a.m.s.f.DefaultMavenResourcesFiltering - Copying 1 resource from src\main\resources to target\classes
2023-09-10 21:56:45,161 [Worker-69: ビルド] INFO  o.a.m.s.f.DefaultMavenResourcesFiltering - Copying 2 resources from src\main\resources to target\classes
2023-09-10 21:56:45,168 [Worker-69: ビルド] INFO  o.a.m.s.f.DefaultMavenResourcesFiltering - skip non existing resourceDirectory C:\pleiades\2023-03\spring_janken\janken\src\test\resources
2023-09-10 21:57:00,837 [Worker-70: ビルド] INFO  o.a.m.s.f.DefaultMavenResourcesFiltering - Copying 1 resource from src\main\resources to target\classes
2023-09-10 21:57:00,847 [Worker-70: ビルド] INFO  o.a.m.s.f.DefaultMavenResourcesFiltering - Copying 2 resources from src\main\resources to target\classes
2023-09-10 21:57:00,852 [Worker-70: ビルド] INFO  o.a.m.s.f.DefaultMavenResourcesFiltering - skip non existing resourceDirectory C:\pleiades\2023-03\spring_janken\janken\src\test\resources
2023-09-10 22:39:06,104 [Worker-75: ビルド] INFO  o.a.m.s.f.DefaultMavenResourcesFiltering - Copying 1 resource from src\main\resources to target\classes
2023-09-10 22:39:06,117 [Worker-75: ビルド] INFO  o.a.m.s.f.DefaultMavenResourcesFiltering - Copying 2 resources from src\main\resources to target\classes
2023-09-10 22:39:06,124 [Worker-75: ビルド] INFO  o.a.m.s.f.DefaultMavenResourcesFiltering - skip non existing resourceDirectory C:\pleiades\2023-03\spring_janken\janken\src\test\resources
2023-09-10 22:39:08,266 [Worker-72: ビルド] INFO  o.a.m.s.f.DefaultMavenResourcesFiltering - Copying 1 resource from src\main\resources to target\classes
2023-09-10 22:39:08,278 [Worker-72: ビルド] INFO  o.a.m.s.f.DefaultMavenResourcesFiltering - Copying 2 resources from src\main\resources to target\classes
2023-09-10 22:39:08,284 [Worker-72: ビルド] INFO  o.a.m.s.f.DefaultMavenResourcesFiltering - skip non existing resourceDirectory C:\pleiades\2023-03\spring_janken\janken\src\test\resources
2023-09-10 22:47:55,032 [Worker-80: ビルド] INFO  o.a.m.s.f.DefaultMavenResourcesFiltering - Copying 0 resource from src\main\resources to target\classes
2023-09-10 22:47:55,033 [Worker-80: ビルド] INFO  o.a.m.s.f.DefaultMavenResourcesFiltering - Copying 1 resource from src\main\resources to target\classes
2023-09-10 22:47:55,044 [Worker-80: ビルド] INFO  o.a.m.s.f.DefaultMavenResourcesFiltering - skip non existing resourceDirectory C:\pleiades\2023-03\spring_janken\janken\src\test\resources
2023-09-10 23:05:36,230 [Worker-80: ビルド] INFO  o.a.m.s.f.DefaultMavenResourcesFiltering - Copying 1 resource from src\main\resources to target\classes
2023-09-10 23:05:36,246 [Worker-80: ビルド] INFO  o.a.m.s.f.DefaultMavenResourcesFiltering - Copying 3 resources from src\main\resources to target\classes
2023-09-10 23:05:36,262 [Worker-80: ビルド] INFO  o.a.m.s.f.DefaultMavenResourcesFiltering - skip non existing resourceDirectory C:\pleiades\2023-03\spring_janken\janken\src\test\resources
2023-09-10 23:05:37,423 [Worker-83: ビルド] INFO  o.a.m.s.f.DefaultMavenResourcesFiltering - Copying 1 resource from src\main\resources to target\classes
2023-09-10 23:05:37,434 [Worker-83: ビルド] INFO  o.a.m.s.f.DefaultMavenResourcesFiltering - Copying 3 resources from src\main\resources to target\classes
2023-09-10 23:05:37,445 [Worker-83: ビルド] INFO  o.a.m.s.f.DefaultMavenResourcesFiltering - skip non existing resourceDirectory C:\pleiades\2023-03\spring_janken\janken\src\test\resources
2023-09-10 23:27:11,188 [Worker-89: ビルド] INFO  o.a.m.s.f.DefaultMavenResourcesFiltering - Copying 0 resource from src\main\resources to target\classes
2023-09-10 23:27:11,189 [Worker-89: ビルド] INFO  o.a.m.s.f.DefaultMavenResourcesFiltering - Copying 1 resource from src\main\resources to target\classes
2023-09-10 23:27:11,195 [Worker-89: ビルド] INFO  o.a.m.s.f.DefaultMavenResourcesFiltering - skip non existing resourceDirectory C:\pleiades\2023-03\spring_janken\janken\src\test\resources
2023-09-10 23:35:59,565 [Worker-85: ビルド] INFO  o.a.m.s.f.DefaultMavenResourcesFiltering - Copying 0 resource from src\main\resources to target\classes
2023-09-10 23:35:59,565 [Worker-85: ビルド] INFO  o.a.m.s.f.DefaultMavenResourcesFiltering - Copying 1 resource from src\main\resources to target\classes
2023-09-10 23:35:59,577 [Worker-85: ビルド] INFO  o.a.m.s.f.DefaultMavenResourcesFiltering - skip non existing resourceDirectory C:\pleiades\2023-03\spring_janken\janken\src\test\resources
2023-09-10 23:41:45,881 [Worker-29: janken - JankenApplication の起動] INFO  o.a.m.s.f.DefaultMavenResourcesFiltering - Copying 1 resource from src\main\resources to target\classes
2023-09-10 23:41:45,933 [Worker-29: janken - JankenApplication の起動] INFO  o.a.m.s.f.DefaultMavenResourcesFiltering - Copying 4 resources from src\main\resources to target\classes
2023-09-10 23:41:45,941 [Worker-29: janken - JankenApplication の起動] INFO  o.a.m.s.f.DefaultMavenResourcesFiltering - skip non existing resourceDirectory C:\pleiades\2023-03\spring_janken\janken\src\test\resources
2023-09-10 23:46:10,617 [Worker-83: ビルド] INFO  o.a.m.s.f.DefaultMavenResourcesFiltering - Copying 1 resource from src\main\resources to target\classes
2023-09-10 23:46:10,627 [Worker-83: ビルド] INFO  o.a.m.s.f.DefaultMavenResourcesFiltering - Copying 4 resources from src\main\resources to target\classes
2023-09-10 23:46:10,633 [Worker-83: ビルド] INFO  o.a.m.s.f.DefaultMavenResourcesFiltering - skip non existing resourceDirectory C:\pleiades\2023-03\spring_janken\janken\src\test\resources
2023-09-10 23:46:41,963 [Worker-92: ビルド] INFO  o.a.m.s.f.DefaultMavenResourcesFiltering - Copying 0 resource from src\main\resources to target\classes
2023-09-10 23:46:41,963 [Worker-92: ビルド] INFO  o.a.m.s.f.DefaultMavenResourcesFiltering - Copying 1 resource from src\main\resources to target\classes
2023-09-10 23:46:41,974 [Worker-92: ビルド] INFO  o.a.m.s.f.DefaultMavenResourcesFiltering - skip non existing resourceDirectory C:\pleiades\2023-03\spring_janken\janken\src\test\resources
2023-09-10 23:49:11,011 [Worker-90: ビルド] INFO  o.a.m.s.f.DefaultMavenResourcesFiltering - Copying 1 resource from src\main\resources to target\classes
2023-09-10 23:49:11,022 [Worker-90: ビルド] INFO  o.a.m.s.f.DefaultMavenResourcesFiltering - Copying 4 resources from src\main\resources to target\classes
2023-09-10 23:49:11,030 [Worker-90: ビルド] INFO  o.a.m.s.f.DefaultMavenResourcesFiltering - skip non existing resourceDirectory C:\pleiades\2023-03\spring_janken\janken\src\test\resources
2023-09-10 23:51:33,535 [Worker-5: Loading available Gradle versions] INFO  o.e.b.c.i.u.g.PublishedGradleVersions - Gradle version information cache is up-to-date. Trying to read.
2023-09-10 23:58:35,367 [Worker-6: ビルド] INFO  o.a.m.s.f.DefaultMavenResourcesFiltering - Copying 1 resource from src\main\resources to target\classes
2023-09-10 23:58:35,395 [Worker-6: ビルド] INFO  o.a.m.s.f.DefaultMavenResourcesFiltering - Copying 4 resources from src\main\resources to target\classes
2023-09-10 23:58:35,416 [Worker-6: ビルド] INFO  o.a.m.s.f.DefaultMavenResourcesFiltering - skip non existing resourceDirectory C:\pleiades\2023-03\spring_janken\janken\src\test\resources
2023-09-10 23:59:27,985 [Worker-12: ビルド] INFO  o.a.m.s.f.DefaultMavenResourcesFiltering - Copying 0 resource from src\main\resources to target\classes
2023-09-10 23:59:27,986 [Worker-12: ビルド] INFO  o.a.m.s.f.DefaultMavenResourcesFiltering - Copying 1 resource from src\main\resources to target\classes
2023-09-10 23:59:27,994 [Worker-12: ビルド] INFO  o.a.m.s.f.DefaultMavenResourcesFiltering - skip non existing resourceDirectory C:\pleiades\2023-03\spring_janken\janken\src\test\resources
2023-09-11 00:12:06,644 [Worker-13: ビルド] INFO  o.a.m.s.f.DefaultMavenResourcesFiltering - Copying 1 resource from src\main\resources to target\classes
2023-09-11 00:12:06,695 [Worker-13: ビルド] INFO  o.a.m.s.f.DefaultMavenResourcesFiltering - Copying 4 resources from src\main\resources to target\classes
2023-09-11 00:12:06,702 [Worker-13: ビルド] INFO  o.a.m.s.f.DefaultMavenResourcesFiltering - skip non existing resourceDirectory C:\pleiades\2023-03\spring_janken\janken\src\test\resources
2023-09-11 00:14:56,924 [Worker-6: ビルド] INFO  o.a.m.s.f.DefaultMavenResourcesFiltering - Copying 0 resource from src\main\resources to target\classes
2023-09-11 00:14:56,925 [Worker-6: ビルド] INFO  o.a.m.s.f.DefaultMavenResourcesFiltering - Copying 1 resource from src\main\resources to target\classes
2023-09-11 00:14:56,937 [Worker-6: ビルド] INFO  o.a.m.s.f.DefaultMavenResourcesFiltering - skip non existing resourceDirectory C:\pleiades\2023-03\spring_janken\janken\src\test\resources
2023-09-11 00:32:35,021 [Worker-16: ビルド] INFO  o.a.m.s.f.DefaultMavenResourcesFiltering - Copying 1 resource from src\main\resources to target\classes
2023-09-11 00:32:35,080 [Worker-16: ビルド] INFO  o.a.m.s.f.DefaultMavenResourcesFiltering - Copying 4 resources from src\main\resources to target\classes
2023-09-11 00:32:35,091 [Worker-16: ビルド] INFO  o.a.m.s.f.DefaultMavenResourcesFiltering - skip non existing resourceDirectory C:\pleiades\2023-03\spring_janken\janken\src\test\resources
2023-09-11 00:32:55,328 [Worker-17: ビルド] INFO  o.a.m.s.f.DefaultMavenResourcesFiltering - Copying 0 resource from src\main\resources to target\classes
2023-09-11 00:32:55,329 [Worker-17: ビルド] INFO  o.a.m.s.f.DefaultMavenResourcesFiltering - Copying 1 resource from src\main\resources to target\classes
2023-09-11 00:32:55,340 [Worker-17: ビルド] INFO  o.a.m.s.f.DefaultMavenResourcesFiltering - skip non existing resourceDirectory C:\pleiades\2023-03\spring_janken\janken\src\test\resources
2023-09-11 00:35:12,993 [Worker-17: ビルド] INFO  o.a.m.s.f.DefaultMavenResourcesFiltering - Copying 0 resource from src\main\resources to target\classes
2023-09-11 00:35:12,993 [Worker-17: ビルド] INFO  o.a.m.s.f.DefaultMavenResourcesFiltering - Copying 1 resource from src\main\resources to target\classes
2023-09-11 00:35:13,004 [Worker-17: ビルド] INFO  o.a.m.s.f.DefaultMavenResourcesFiltering - skip non existing resourceDirectory C:\pleiades\2023-03\spring_janken\janken\src\test\resources
2023-09-11 01:25:39,232 [Worker-26: ビルド] INFO  o.a.m.s.f.DefaultMavenResourcesFiltering - Copying 1 resource from src\main\resources to target\classes
2023-09-11 01:25:39,245 [Worker-26: ビルド] INFO  o.a.m.s.f.DefaultMavenResourcesFiltering - Copying 4 resources from src\main\resources to target\classes
2023-09-11 01:25:39,252 [Worker-26: ビルド] INFO  o.a.m.s.f.DefaultMavenResourcesFiltering - skip non existing resourceDirectory C:\pleiades\2023-03\spring_janken\janken\src\test\resources
2023-09-11 01:43:06,261 [Worker-21: ビルド] INFO  o.a.m.s.f.DefaultMavenResourcesFiltering - Copying 0 resource from src\main\resources to target\classes
2023-09-11 01:43:06,262 [Worker-21: ビルド] INFO  o.a.m.s.f.DefaultMavenResourcesFiltering - Copying 1 resource from src\main\resources to target\classes
2023-09-11 01:43:06,273 [Worker-21: ビルド] INFO  o.a.m.s.f.DefaultMavenResourcesFiltering - skip non existing resourceDirectory C:\pleiades\2023-03\spring_janken\janken\src\test\resources
2023-09-11 01:44:33,537 [Worker-21: ビルド] INFO  o.a.m.s.f.DefaultMavenResourcesFiltering - Copying 0 resource from src\main\resources to target\classes
2023-09-11 01:44:33,537 [Worker-21: ビルド] INFO  o.a.m.s.f.DefaultMavenResourcesFiltering - Copying 1 resource from src\main\resources to target\classes
2023-09-11 01:44:33,546 [Worker-21: ビルド] INFO  o.a.m.s.f.DefaultMavenResourcesFiltering - skip non existing resourceDirectory C:\pleiades\2023-03\spring_janken\janken\src\test\resources
